<?xml version="1.0" encoding="UTF-8"?>
<testsuite xmlns:xsi="http://www.w3.org/2001/XMLSchema-instance" xsi:noNamespaceSchemaLocation="https://maven.apache.org/surefire/maven-surefire-plugin/xsd/surefire-test-report.xsd" name="LoginBeanTest" time="0.907" tests="4" errors="0" skipped="0" failures="0">
  <properties>
    <property name="java.specification.version" value="13"/>
    <property name="sun.cpu.isalist" value="amd64"/>
    <property name="sun.jnu.encoding" value="Cp1252"/>
    <property name="java.class.path" value="C:\Users\Marcel\NetbeansProjects\homeimprovement-frontend\target\test-classes;C:\Users\Marcel\NetbeansProjects\homeimprovement-frontend\target\classes;C:\Users\Marcel\.m2\repository\org\glassfish\javax.faces\2.2.7\javax.faces-2.2.7.jar;C:\Users\Marcel\.m2\repository\com\google\code\gson\gson\2.8.5\gson-2.8.5.jar;C:\Users\Marcel\.m2\repository\javax\javaee-api\8.0\javaee-api-8.0.jar;C:\Users\Marcel\.m2\repository\com\sun\mail\javax.mail\1.6.0\javax.mail-1.6.0.jar;C:\Users\Marcel\.m2\repository\javax\activation\activation\1.1\activation-1.1.jar;C:\Users\Marcel\.m2\repository\de\hspf\sysdev\basetheme\1.0\basetheme-1.0.jar;C:\Users\Marcel\.m2\repository\org\primefaces\primefaces\8.0\primefaces-8.0.jar;C:\Users\Marcel\.m2\repository\org\junit\jupiter\junit-jupiter-engine\5.7.0\junit-jupiter-engine-5.7.0.jar;C:\Users\Marcel\.m2\repository\org\apiguardian\apiguardian-api\1.1.0\apiguardian-api-1.1.0.jar;C:\Users\Marcel\.m2\repository\org\junit\platform\junit-platform-engine\1.7.0\junit-platform-engine-1.7.0.jar;C:\Users\Marcel\.m2\repository\org\opentest4j\opentest4j\1.2.0\opentest4j-1.2.0.jar;C:\Users\Marcel\.m2\repository\org\junit\platform\junit-platform-commons\1.7.0\junit-platform-commons-1.7.0.jar;C:\Users\Marcel\.m2\repository\org\junit\jupiter\junit-jupiter-api\5.7.0\junit-jupiter-api-5.7.0.jar;C:\Users\Marcel\.m2\repository\org\mockito\mockito-junit-jupiter\2.23.4\mockito-junit-jupiter-2.23.4.jar;C:\Users\Marcel\.m2\repository\org\mockito\mockito-core\2.23.4\mockito-core-2.23.4.jar;C:\Users\Marcel\.m2\repository\net\bytebuddy\byte-buddy\1.9.3\byte-buddy-1.9.3.jar;C:\Users\Marcel\.m2\repository\net\bytebuddy\byte-buddy-agent\1.9.3\byte-buddy-agent-1.9.3.jar;C:\Users\Marcel\.m2\repository\org\objenesis\objenesis\2.6\objenesis-2.6.jar;"/>
    <property name="java.vm.vendor" value="Oracle Corporation"/>
    <property name="sun.arch.data.model" value="64"/>
    <property name="user.variant" value=""/>
    <property name="java.vendor.url" value="https://java.oracle.com/"/>
    <property name="user.timezone" value="Europe/Berlin"/>
    <property name="os.name" value="Windows 10"/>
    <property name="java.vm.specification.version" value="13"/>
    <property name="user.country" value="DE"/>
    <property name="sun.java.launcher" value="SUN_STANDARD"/>
    <property name="sun.boot.library.path" value="C:\Program Files\Java\jdk-13.0.1\bin"/>
    <property name="sun.java.command" value="C:\Users\Marcel\AppData\Local\Temp\surefire10264491478078266229\surefirebooter109703043874943225.jar C:\Users\Marcel\AppData\Local\Temp\surefire10264491478078266229 2021-01-14T15-38-54_236-jvmRun1 surefire9052457806186457961tmp surefire_09503215752764118482tmp"/>
    <property name="jdk.debug" value="release"/>
    <property name="surefire.test.class.path" value="C:\Users\Marcel\NetbeansProjects\homeimprovement-frontend\target\test-classes;C:\Users\Marcel\NetbeansProjects\homeimprovement-frontend\target\classes;C:\Users\Marcel\.m2\repository\org\glassfish\javax.faces\2.2.7\javax.faces-2.2.7.jar;C:\Users\Marcel\.m2\repository\com\google\code\gson\gson\2.8.5\gson-2.8.5.jar;C:\Users\Marcel\.m2\repository\javax\javaee-api\8.0\javaee-api-8.0.jar;C:\Users\Marcel\.m2\repository\com\sun\mail\javax.mail\1.6.0\javax.mail-1.6.0.jar;C:\Users\Marcel\.m2\repository\javax\activation\activation\1.1\activation-1.1.jar;C:\Users\Marcel\.m2\repository\de\hspf\sysdev\basetheme\1.0\basetheme-1.0.jar;C:\Users\Marcel\.m2\repository\org\primefaces\primefaces\8.0\primefaces-8.0.jar;C:\Users\Marcel\.m2\repository\org\junit\jupiter\junit-jupiter-engine\5.7.0\junit-jupiter-engine-5.7.0.jar;C:\Users\Marcel\.m2\repository\org\apiguardian\apiguardian-api\1.1.0\apiguardian-api-1.1.0.jar;C:\Users\Marcel\.m2\repository\org\junit\platform\junit-platform-engine\1.7.0\junit-platform-engine-1.7.0.jar;C:\Users\Marcel\.m2\repository\org\opentest4j\opentest4j\1.2.0\opentest4j-1.2.0.jar;C:\Users\Marcel\.m2\repository\org\junit\platform\junit-platform-commons\1.7.0\junit-platform-commons-1.7.0.jar;C:\Users\Marcel\.m2\repository\org\junit\jupiter\junit-jupiter-api\5.7.0\junit-jupiter-api-5.7.0.jar;C:\Users\Marcel\.m2\repository\org\mockito\mockito-junit-jupiter\2.23.4\mockito-junit-jupiter-2.23.4.jar;C:\Users\Marcel\.m2\repository\org\mockito\mockito-core\2.23.4\mockito-core-2.23.4.jar;C:\Users\Marcel\.m2\repository\net\bytebuddy\byte-buddy\1.9.3\byte-buddy-1.9.3.jar;C:\Users\Marcel\.m2\repository\net\bytebuddy\byte-buddy-agent\1.9.3\byte-buddy-agent-1.9.3.jar;C:\Users\Marcel\.m2\repository\org\objenesis\objenesis\2.6\objenesis-2.6.jar;"/>
    <property name="sun.cpu.endian" value="little"/>
    <property name="user.home" value="C:\Users\Marcel"/>
    <property name="user.language" value="de"/>
    <property name="java.specification.vendor" value="Oracle Corporation"/>
    <property name="java.version.date" value="2019-10-15"/>
    <property name="java.home" value="C:\Program Files\Java\jdk-13.0.1"/>
    <property name="file.separator" value="\"/>
    <property name="basedir" value="C:\Users\Marcel\NetbeansProjects\homeimprovement-frontend"/>
    <property name="java.vm.compressedOopsMode" value="Zero based"/>
    <property name="line.separator" value="&#10;"/>
    <property name="java.vm.specification.vendor" value="Oracle Corporation"/>
    <property name="java.specification.name" value="Java Platform API Specification"/>
    <property name="surefire.real.class.path" value="C:\Users\Marcel\AppData\Local\Temp\surefire10264491478078266229\surefirebooter109703043874943225.jar"/>
    <property name="user.script" value=""/>
    <property name="sun.management.compiler" value="HotSpot 64-Bit Tiered Compilers"/>
    <property name="java.runtime.version" value="13.0.1+9"/>
    <property name="user.name" value="Marcel"/>
    <property name="path.separator" value=";"/>
    <property name="os.version" value="10.0"/>
    <property name="java.runtime.name" value="Java(TM) SE Runtime Environment"/>
    <property name="file.encoding" value="UTF-8"/>
    <property name="java.vm.name" value="Java HotSpot(TM) 64-Bit Server VM"/>
    <property name="maven.ext.class.path" value="C:\Program Files\NetBeans-11.2\netbeans\java\maven-nblib\netbeans-eventspy.jar"/>
    <property name="localRepository" value="C:\Users\Marcel\.m2\repository"/>
    <property name="java.vendor.url.bug" value="https://bugreport.java.com/bugreport/"/>
    <property name="java.io.tmpdir" value="C:\Users\Marcel\AppData\Local\Temp\"/>
    <property name="java.version" value="13.0.1"/>
    <property name="user.dir" value="C:\Users\Marcel\NetbeansProjects\homeimprovement-frontend"/>
    <property name="os.arch" value="amd64"/>
    <property name="java.vm.specification.name" value="Java Virtual Machine Specification"/>
    <property name="sun.os.patch.level" value=""/>
    <property name="java.library.path" value="C:\Program Files\Java\jdk-13.0.1\bin;C:\Windows\Sun\Java\bin;C:\Windows\system32;C:\Windows;C:\Program Files (x86)\Common Files\Oracle\Java\javapath;C:\Windows\system32;C:\Windows;C:\Windows\System32\Wbem;C:\Windows\System32\WindowsPowerShell\v1.0\;C:\Windows\System32\OpenSSH\;C:\Program Files\Intel\WiFi\bin\;C:\Program Files\Common Files\Intel\WirelessCommon\;C:\Program Files\Git\cmd;C:\Program Files\Docker\Docker\resources\bin;C:\ProgramData\DockerDesktop\version-bin;C:\Users\Marcel\apache-maven-3.6.3\bin;C:\Program Files\apache-ant-1.10.7\bin;C:\Program Files\PuTTY\;C:\Program Files\nodejs\;C:\Program Files\Java\jdk-13.0.1\bin;C:\Users\Marcel\.windows-build-tools\python27\;C:\Users\Marcel\AppData\Local\Programs\Python\Python37\Scripts\;C:\Users\Marcel\AppData\Local\Programs\Python\Python37\;C:\Users\Marcel\AppData\Local\Microsoft\WindowsApps;C:\Program Files\Intel\WiFi\bin\;C:\Program Files\Common Files\Intel\WirelessCommon\;C:\Users\Marcel\AppData\Local\Android\Sdk\platform-tools;C:\Gradle\gradle-6.5.1\bin;C:\Users\Marcel\AppData\Roaming\npm;;."/>
    <property name="java.vm.info" value="mixed mode, sharing"/>
    <property name="java.vendor" value="Oracle Corporation"/>
    <property name="java.vm.version" value="13.0.1+9"/>
    <property name="sun.io.unicode.encoding" value="UnicodeLittle"/>
    <property name="java.class.version" value="57.0"/>
  </properties>
  <testcase name="whenAuthenticate_thenUserShouldBeLoggedIn" classname="LoginBeanTest" time="0.887"/>
  <testcase name="whenGetProfileURL_thenStringShouldBeReturned" classname="LoginBeanTest" time="0.003"/>
  <testcase name="whenGetAuthURL_thenStringShouldBeReturned" classname="LoginBeanTest" time="0.005"/>
  <testcase name="whenGetDate_thenLongShouldBeReturned" classname="LoginBeanTest" time="0.004"/>
</testsuite>